<?xml version="1.0" encoding="UTF-8"?>
<!-- Generated by org.testng.reporters.JUnitXMLReporter -->
<testsuite ignored="0" hostname="LAPTOP-0OTPJQL1" failures="0" tests="2" name="Default test" time="0.15" errors="0" timestamp="2025-01-06T22:37:49 IST">
  <testcase classname="com.javafortesters.chap006domainentities.examples.UserTest" name="canConstructANewUser" time="0.039"/>
  <testcase classname="com.javafortesters.chap006domainentities.examples.UserTest" name="userHasdefaultUsernameAndPassword" time="0.007"/>
</testsuite> <!-- Default test -->
