<?xml version="1.0" encoding="UTF-8"?>
<testng-results ignored="0" total="2" passed="2" failed="0" skipped="0">
  <reporter-output>
  </reporter-output>
  <suite started-at="2025-01-06T22:37:48 IST" name="Default suite" finished-at="2025-01-06T22:37:49 IST" duration-ms="150">
    <groups>
    </groups>
    <test started-at="2025-01-06T22:37:48 IST" name="Default test" finished-at="2025-01-06T22:37:49 IST" duration-ms="150">
      <class name="com.javafortesters.chap006domainentities.examples.UserTest">
        <test-method signature="canConstructANewUser()[pri:0, instance:com.javafortesters.chap006domainentities.examples.UserTest@4135c3b]" started-at="2025-01-06T22:37:49 IST" name="canConstructANewUser" finished-at="2025-01-06T22:37:49 IST" duration-ms="39" status="PASS">
          <reporter-output>
          </reporter-output>
        </test-method> <!-- canConstructANewUser -->
        <test-method signature="userHasdefaultUsernameAndPassword()[pri:0, instance:com.javafortesters.chap006domainentities.examples.UserTest@4135c3b]" started-at="2025-01-06T22:37:49 IST" name="userHasdefaultUsernameAndPassword" finished-at="2025-01-06T22:37:49 IST" duration-ms="7" status="PASS">
          <reporter-output>
          </reporter-output>
        </test-method> <!-- userHasdefaultUsernameAndPassword -->
      </class> <!-- com.javafortesters.chap006domainentities.examples.UserTest -->
    </test> <!-- Default test -->
  </suite> <!-- Default suite -->
</testng-results>
